<?xml version="1.0" encoding="UTF-8"?>
<TestRun id="12345678-1234-1234-1234-1234567890ab" name="Sample Test Run" xmlns="http://microsoft.com/schemas/VisualStudio/TeamTest/2010">
  <Times creation="2023-01-15T10:00:00.000Z" finish="2023-01-15T10:05:00.000Z" />
  <TestSettings name="default" id="98765432-1234-1234-1234-1234567890ab" />
  <Results>
    <UnitTestResult executionId="11111111-1111-1111-1111-111111111111" testId="aaaaaaa1-bbbb-cccc-dddd-eeeeeeeeeee1" testName="PassingTest1" computerName="TestMachine1" duration="00:00:01.500" startTime="2023-01-15T10:00:05.000Z" endTime="2023-01-15T10:00:06.500Z" testType="13cdc9d9-ddb5-4fa4-a97d-d965ccfc6d4b" outcome="Passed" testListId="8c84fa94-04c1-424b-9868-57a2d4851a1d">
      <Output />
    </UnitTestResult>
    <UnitTestResult executionId="22222222-2222-2222-2222-222222222222" testId="aaaaaaa2-bbbb-cccc-dddd-eeeeeeeeeee2" testName="FailingTest1" computerName="TestMachine1" duration="00:00:02.000" startTime="2023-01-15T10:01:00.000Z" endTime="2023-01-15T10:01:02.000Z" testType="13cdc9d9-ddb5-4fa4-a97d-d965ccfc6d4b" outcome="Failed" testListId="8c84fa94-04c1-424b-9868-57a2d4851a1d">
      <Output>
        <ErrorInfo>
          <Message>Assertion failed: Expected true but was false.</Message>
          <StackTrace>at TestProject.MyTests.FailingTest1() in C:\path\to\tests.cs:line 42</StackTrace>
        </ErrorInfo>
      </Output>
    </UnitTestResult>
    <UnitTestResult executionId="33333333-3333-3333-3333-333333333333" testId="aaaaaaa3-bbbb-cccc-dddd-eeeeeeeeeee3" testName="TimeoutTest1" computerName="TestMachine1" duration="00:00:30.000" startTime="2023-01-15T10:02:00.000Z" endTime="2023-01-15T10:02:30.000Z" testType="13cdc9d9-ddb5-4fa4-a97d-d965ccfc6d4b" outcome="Timeout" testListId="8c84fa94-04c1-424b-9868-57a2d4851a1d">
      <Output />
    </UnitTestResult>
    <UnitTestResult executionId="44444444-4444-4444-4444-444444444444" testId="aaaaaaa4-bbbb-cccc-dddd-eeeeeeeeeee4" testName="TestWithCategory" computerName="TestMachine1" duration="00:00:01.000" startTime="2023-01-15T10:03:00.000Z" endTime="2023-01-15T10:03:01.000Z" testType="13cdc9d9-ddb5-4fa4-a97d-d965ccfc6d4b" outcome="Passed" testListId="8c84fa94-04c1-424b-9868-57a2d4851a1d">
      <Output />
    </UnitTestResult>
  </Results>
  <TestDefinitions>
    <UnitTest name="PassingTest1" storage="testdll.dll" id="aaaaaaa1-bbbb-cccc-dddd-eeeeeeeeeee1">
      <Execution id="11111111-1111-1111-1111-111111111111"/>
      <TestMethod codeBase="testdll.dll" adapterTypeName="Microsoft.VisualStudio.TestTools.TestTypes.Unit.UnitTestAdapter, Microsoft.VisualStudio.QualityTools.Tips.UnitTest.Adapter, Version=10.0.0.0, Culture=neutral, PublicKeyToken=b03f5f7f11d50a3a" className="TestProject.MyTests, testdll" name="PassingTest1"/>
    </UnitTest>
    <UnitTest name="FailingTest1" storage="testdll.dll" id="aaaaaaa2-bbbb-cccc-dddd-eeeeeeeeeee2">
      <Execution id="22222222-2222-2222-2222-222222222222"/>
      <TestMethod codeBase="testdll.dll" adapterTypeName="Microsoft.VisualStudio.TestTools.TestTypes.Unit.UnitTestAdapter, Microsoft.VisualStudio.QualityTools.Tips.UnitTest.Adapter, Version=10.0.0.0, Culture=neutral, PublicKeyToken=b03f5f7f11d50a3a" className="TestProject.MyTests, testdll" name="FailingTest1"/>
    </UnitTest>
    <UnitTest name="TimeoutTest1" storage="testdll.dll" id="aaaaaaa3-bbbb-cccc-dddd-eeeeeeeeeee3">
      <Execution id="33333333-3333-3333-3333-333333333333"/>
      <TestMethod codeBase="testdll.dll" adapterTypeName="Microsoft.VisualStudio.TestTools.TestTypes.Unit.UnitTestAdapter, Microsoft.VisualStudio.QualityTools.Tips.UnitTest.Adapter, Version=10.0.0.0, Culture=neutral, PublicKeyToken=b03f5f7f11d50a3a" className="TestProject.MyTests, testdll" name="TimeoutTest1"/>
    </UnitTest>
    <UnitTest name="TestWithCategory" storage="testdll.dll" id="aaaaaaa4-bbbb-cccc-dddd-eeeeeeeeeee4">
      <Execution id="44444444-4444-4444-4444-444444444444"/>
      <Owner name="TeamA"/>
      <TestCategory>
        <TestCategoryItem TestCategory="SmokeTest" />
        <TestCategoryItem TestCategory="UI" />
      </TestCategory>
      <TestMethod codeBase="testdll.dll" adapterTypeName="Microsoft.VisualStudio.TestTools.TestTypes.Unit.UnitTestAdapter, Microsoft.VisualStudio.QualityTools.Tips.UnitTest.Adapter, Version=10.0.0.0, Culture=neutral, PublicKeyToken=b03f5f7f11d50a3a" className="TestProject.MyTests, testdll" name="TestWithCategory"/>
    </UnitTest>
  </TestDefinitions>
  <ResultSummary outcome="Completed">
    <Counters total="4" executed="4" passed="2" failed="1" error="0" timeout="1" aborted="0" inconclusive="0" passedButRunAborted="0" notRunnable="0" notExecuted="0" disconnected="0" warning="0" completed="0" inProgress="0" pending="0" />
  </ResultSummary>
</TestRun>
